# JRE version: OpenJDK Runtime Environment (17.0.11) (build 17.0.11+0--11852314)
# Java VM: OpenJDK 64-Bit Server VM (17.0.11+0--11852314, mixed mode, tiered, compressed oops, compressed class ptrs, g1 gc, windows-amd64)
GC Precious Log:
 CPUs: 8 total, 8 available
 Memory: 3889M
 Large Page Support: Disabled
 NUMA Support: Disabled
 Compressed Oops: Enabled (32-bit)
 Heap Region Size: 1M
 Heap Min Capacity: 8M
 Heap Initial Capacity: 62M
 Heap Max Capacity: 974M
 Pre-touch: Disabled
 Parallel Workers: 8
 Concurrent Workers: 2
 Concurrent Refinement Workers: 8
 Periodic GC: Disabled
Heap:
 garbage-first heap   total 60416K, used 32039K [0x00000000c3200000, 0x0000000100000000)
  region size 1024K, 4 young (4096K), 2 survivors (2048K)
 Metaspace       used 54209K, committed 54400K, reserved 1114112K
  class space    used 6386K, committed 6464K, reserved 1048576K
GC Heap History (20 events):
Event: 3.680 GC heap before
{Heap before GC invocations=8 (full 0):
 garbage-first heap   total 31744K, used 22746K [0x00000000c3200000, 0x0000000100000000)
  region size 1024K, 11 young (11264K), 2 survivors (2048K)
 Metaspace       used 29923K, committed 30080K, reserved 1114112K
  class space    used 3795K, committed 3840K, reserved 1048576K
}
Event: 3.688 GC heap after
{Heap after GC invocations=9 (full 0):
 garbage-first heap   total 50176K, used 14785K [0x00000000c3200000, 0x0000000100000000)
  region size 1024K, 2 young (2048K), 2 survivors (2048K)
 Metaspace       used 29923K, committed 30080K, reserved 1114112K
  class space    used 3795K, committed 3840K, reserved 1048576K
}
Event: 4.687 GC heap before
{Heap before GC invocations=9 (full 0):
 garbage-first heap   total 50176K, used 34241K [0x00000000c3200000, 0x0000000100000000)
  region size 1024K, 22 young (22528K), 2 survivors (2048K)
 Metaspace       used 34325K, committed 34496K, reserved 1114112K
  class space    used 4177K, committed 4288K, reserved 1048576K
}
Event: 4.694 GC heap after
{Heap after GC invocations=10 (full 0):
 garbage-first heap   total 50176K, used 16769K [0x00000000c3200000, 0x0000000100000000)
  region size 1024K, 3 young (3072K), 3 survivors (3072K)
 Metaspace       used 34325K, committed 34496K, reserved 1114112K
  class space    used 4177K, committed 4288K, reserved 1048576K
}
Event: 6.105 GC heap before
{Heap before GC invocations=10 (full 0):
 garbage-first heap   total 50176K, used 37249K [0x00000000c3200000, 0x0000000100000000)
  region size 1024K, 23 young (23552K), 3 survivors (3072K)
 Metaspace       used 39576K, committed 39808K, reserved 1114112K
  class space    used 4816K, committed 4928K, reserved 1048576K
}
Event: 6.118 GC heap after
{Heap after GC invocations=11 (full 0):
 garbage-first heap   total 50176K, used 17786K [0x00000000c3200000, 0x0000000100000000)
  region size 1024K, 1 young (1024K), 1 survivors (1024K)
 Metaspace       used 39576K, committed 39808K, reserved 1114112K
  class space    used 4816K, committed 4928K, reserved 1048576K
}
Event: 7.318 GC heap before
{Heap before GC invocations=11 (full 0):
 garbage-first heap   total 50176K, used 40314K [0x00000000c3200000, 0x0000000100000000)
  region size 1024K, 21 young (21504K), 1 survivors (1024K)
 Metaspace       used 44333K, committed 44480K, reserved 1114112K
  class space    used 5358K, committed 5440K, reserved 1048576K
}
Event: 7.329 GC heap after
{Heap after GC invocations=12 (full 0):
 garbage-first heap   total 50176K, used 21826K [0x00000000c3200000, 0x0000000100000000)
  region size 1024K, 3 young (3072K), 3 survivors (3072K)
 Metaspace       used 44333K, committed 44480K, reserved 1114112K
  class space    used 5358K, committed 5440K, reserved 1048576K
}
Event: 7.344 GC heap before
{Heap before GC invocations=12 (full 0):
 garbage-first heap   total 50176K, used 21826K [0x00000000c3200000, 0x0000000100000000)
  region size 1024K, 4 young (4096K), 3 survivors (3072K)
 Metaspace       used 44487K, committed 44608K, reserved 1114112K
  class space    used 5376K, committed 5440K, reserved 1048576K
}
Event: 7.352 GC heap after
{Heap after GC invocations=13 (full 0):
 garbage-first heap   total 50176K, used 22270K [0x00000000c3200000, 0x0000000100000000)
  region size 1024K, 1 young (1024K), 1 survivors (1024K)
 Metaspace       used 44487K, committed 44608K, reserved 1114112K
  class space    used 5376K, committed 5440K, reserved 1048576K
}
Event: 7.467 GC heap before
{Heap before GC invocations=14 (full 0):
 garbage-first heap   total 50176K, used 24318K [0x00000000c3200000, 0x0000000100000000)
  region size 1024K, 4 young (4096K), 1 survivors (1024K)
 Metaspace       used 44817K, committed 45056K, reserved 1114112K
  class space    used 5426K, committed 5504K, reserved 1048576K
}
Event: 7.470 GC heap after
{Heap after GC invocations=15 (full 0):
 garbage-first heap   total 50176K, used 22443K [0x00000000c3200000, 0x0000000100000000)
  region size 1024K, 1 young (1024K), 1 survivors (1024K)
 Metaspace       used 44817K, committed 45056K, reserved 1114112K
  class space    used 5426K, committed 5504K, reserved 1048576K
}
Event: 7.631 GC heap before
{Heap before GC invocations=15 (full 0):
 garbage-first heap   total 50176K, used 39851K [0x00000000c3200000, 0x0000000100000000)
  region size 1024K, 18 young (18432K), 1 survivors (1024K)
 Metaspace       used 44918K, committed 45120K, reserved 1114112K
  class space    used 5426K, committed 5504K, reserved 1048576K
}
Event: 7.634 GC heap after
{Heap after GC invocations=16 (full 0):
 garbage-first heap   total 50176K, used 23079K [0x00000000c3200000, 0x0000000100000000)
  region size 1024K, 2 young (2048K), 2 survivors (2048K)
 Metaspace       used 44918K, committed 45120K, reserved 1114112K
  class space    used 5426K, committed 5504K, reserved 1048576K
}
Event: 8.129 GC heap before
{Heap before GC invocations=16 (full 0):
 garbage-first heap   total 50176K, used 38439K [0x00000000c3200000, 0x0000000100000000)
  region size 1024K, 18 young (18432K), 2 survivors (2048K)
 Metaspace       used 45391K, committed 45632K, reserved 1114112K
  class space    used 5465K, committed 5568K, reserved 1048576K
}
Event: 8.136 GC heap after
{Heap after GC invocations=17 (full 0):
 garbage-first heap   total 50176K, used 24137K [0x00000000c3200000, 0x0000000100000000)
  region size 1024K, 3 young (3072K), 3 survivors (3072K)
 Metaspace       used 45391K, committed 45632K, reserved 1114112K
  class space    used 5465K, committed 5568K, reserved 1048576K
}
Event: 9.641 GC heap before
{Heap before GC invocations=17 (full 0):
 garbage-first heap   total 50176K, used 39497K [0x00000000c3200000, 0x0000000100000000)
  region size 1024K, 18 young (18432K), 3 survivors (3072K)
 Metaspace       used 48474K, committed 48704K, reserved 1114112K
  class space    used 5860K, committed 5952K, reserved 1048576K
}
Event: 9.654 GC heap after
{Heap after GC invocations=18 (full 0):
 garbage-first heap   total 60416K, used 26009K [0x00000000c3200000, 0x0000000100000000)
  region size 1024K, 3 young (3072K), 3 survivors (3072K)
 Metaspace       used 48474K, committed 48704K, reserved 1114112K
  class space    used 5860K, committed 5952K, reserved 1048576K
}
Event: 11.628 GC heap before
{Heap before GC invocations=18 (full 0):
 garbage-first heap   total 60416K, used 47513K [0x00000000c3200000, 0x0000000100000000)
  region size 1024K, 24 young (24576K), 3 survivors (3072K)
 Metaspace       used 50526K, committed 50752K, reserved 1114112K
  class space    used 6027K, committed 6144K, reserved 1048576K
}
Event: 11.648 GC heap after
{Heap after GC invocations=19 (full 0):
 garbage-first heap   total 60416K, used 29089K [0x00000000c3200000, 0x0000000100000000)
  region size 1024K, 3 young (3072K), 3 survivors (3072K)
 Metaspace       used 50526K, committed 50752K, reserved 1114112K
  class space    used 6027K, committed 6144K, reserved 1048576K
}

