# JRE version: OpenJDK Runtime Environment (17.0.11) (build 17.0.11+0--11852314)
# Java VM: OpenJDK 64-Bit Server VM (17.0.11+0--11852314, mixed mode, tiered, compressed oops, compressed class ptrs, g1 gc, windows-amd64)
GC Precious Log:
 CPUs: 8 total, 8 available
 Memory: 3889M
 Large Page Support: Disabled
 NUMA Support: Disabled
 Compressed Oops: Enabled (32-bit)
 Heap Region Size: 1M
 Heap Min Capacity: 8M
 Heap Initial Capacity: 62M
 Heap Max Capacity: 974M
 Pre-touch: Disabled
 Parallel Workers: 8
 Concurrent Workers: 2
 Concurrent Refinement Workers: 8
 Periodic GC: Disabled
Heap:
 garbage-first heap   total 67584K, used 27515K [0x00000000c3200000, 0x0000000100000000)
  region size 1024K, 2 young (2048K), 2 survivors (2048K)
 Metaspace       used 42003K, committed 42176K, reserved 1114112K
  class space    used 5022K, committed 5120K, reserved 1048576K
GC Heap History (20 events):
Event: 1.355 GC heap after
{Heap after GC invocations=1 (full 0):
 garbage-first heap   total 63488K, used 6922K [0x00000000c3200000, 0x0000000100000000)
  region size 1024K, 3 young (3072K), 3 survivors (3072K)
 Metaspace       used 14562K, committed 14784K, reserved 1114112K
  class space    used 1442K, committed 1536K, reserved 1048576K
}
Event: 1.903 GC heap before
{Heap before GC invocations=1 (full 0):
 garbage-first heap   total 63488K, used 26378K [0x00000000c3200000, 0x0000000100000000)
  region size 1024K, 23 young (23552K), 3 survivors (3072K)
 Metaspace       used 21325K, committed 21504K, reserved 1114112K
  class space    used 2413K, committed 2496K, reserved 1048576K
}
Event: 1.911 GC heap after
{Heap after GC invocations=2 (full 0):
 garbage-first heap   total 63488K, used 7775K [0x00000000c3200000, 0x0000000100000000)
  region size 1024K, 1 young (1024K), 1 survivors (1024K)
 Metaspace       used 21325K, committed 21504K, reserved 1114112K
  class space    used 2413K, committed 2496K, reserved 1048576K
}
Event: 2.279 GC heap before
{Heap before GC invocations=3 (full 0):
 garbage-first heap   total 30720K, used 25183K [0x00000000c3200000, 0x0000000100000000)
  region size 1024K, 17 young (17408K), 1 survivors (1024K)
 Metaspace       used 22880K, committed 23104K, reserved 1114112K
  class space    used 2776K, committed 2880K, reserved 1048576K
}
Event: 2.292 GC heap after
{Heap after GC invocations=4 (full 0):
 garbage-first heap   total 31744K, used 13630K [0x00000000c3200000, 0x0000000100000000)
  region size 1024K, 3 young (3072K), 3 survivors (3072K)
 Metaspace       used 22880K, committed 23104K, reserved 1114112K
  class space    used 2776K, committed 2880K, reserved 1048576K
}
Event: 2.303 GC heap before
{Heap before GC invocations=4 (full 0):
 garbage-first heap   total 31744K, used 14654K [0x00000000c3200000, 0x0000000100000000)
  region size 1024K, 4 young (4096K), 3 survivors (3072K)
 Metaspace       used 22880K, committed 23104K, reserved 1114112K
  class space    used 2776K, committed 2880K, reserved 1048576K
}
Event: 2.314 GC heap after
{Heap after GC invocations=5 (full 0):
 garbage-first heap   total 31744K, used 14748K [0x00000000c3200000, 0x0000000100000000)
  region size 1024K, 1 young (1024K), 1 survivors (1024K)
 Metaspace       used 22880K, committed 23104K, reserved 1114112K
  class space    used 2776K, committed 2880K, reserved 1048576K
}
Event: 2.570 GC heap before
{Heap before GC invocations=5 (full 0):
 garbage-first heap   total 31744K, used 21916K [0x00000000c3200000, 0x0000000100000000)
  region size 1024K, 8 young (8192K), 1 survivors (1024K)
 Metaspace       used 24883K, committed 25088K, reserved 1114112K
  class space    used 3223K, committed 3328K, reserved 1048576K
}
Event: 2.577 GC heap after
{Heap after GC invocations=6 (full 0):
 garbage-first heap   total 31744K, used 15659K [0x00000000c3200000, 0x0000000100000000)
  region size 1024K, 1 young (1024K), 1 survivors (1024K)
 Metaspace       used 24883K, committed 25088K, reserved 1114112K
  class space    used 3223K, committed 3328K, reserved 1048576K
}
Event: 2.742 GC heap before
{Heap before GC invocations=7 (full 0):
 garbage-first heap   total 31744K, used 21803K [0x00000000c3200000, 0x0000000100000000)
  region size 1024K, 7 young (7168K), 1 survivors (1024K)
 Metaspace       used 26891K, committed 27008K, reserved 1114112K
  class space    used 3451K, committed 3520K, reserved 1048576K
}
Event: 2.746 GC heap after
{Heap after GC invocations=8 (full 0):
 garbage-first heap   total 31744K, used 15851K [0x00000000c3200000, 0x0000000100000000)
  region size 1024K, 1 young (1024K), 1 survivors (1024K)
 Metaspace       used 26891K, committed 27008K, reserved 1114112K
  class space    used 3451K, committed 3520K, reserved 1048576K
}
Event: 2.776 GC heap before
{Heap before GC invocations=8 (full 0):
 garbage-first heap   total 31744K, used 15851K [0x00000000c3200000, 0x0000000100000000)
  region size 1024K, 2 young (2048K), 1 survivors (1024K)
 Metaspace       used 27240K, committed 27392K, reserved 1114112K
  class space    used 3488K, committed 3584K, reserved 1048576K
}
Event: 2.784 GC heap after
{Heap after GC invocations=9 (full 0):
 garbage-first heap   total 67584K, used 15892K [0x00000000c3200000, 0x0000000100000000)
  region size 1024K, 1 young (1024K), 1 survivors (1024K)
 Metaspace       used 27240K, committed 27392K, reserved 1114112K
  class space    used 3488K, committed 3584K, reserved 1048576K
}
Event: 3.636 GC heap before
{Heap before GC invocations=9 (full 0):
 garbage-first heap   total 67584K, used 39444K [0x00000000c3200000, 0x0000000100000000)
  region size 1024K, 24 young (24576K), 1 survivors (1024K)
 Metaspace       used 31699K, committed 31936K, reserved 1114112K
  class space    used 3967K, committed 4096K, reserved 1048576K
}
Event: 3.647 GC heap after
{Heap after GC invocations=10 (full 0):
 garbage-first heap   total 67584K, used 17065K [0x00000000c3200000, 0x0000000100000000)
  region size 1024K, 3 young (3072K), 3 survivors (3072K)
 Metaspace       used 31699K, committed 31936K, reserved 1114112K
  class space    used 3967K, committed 4096K, reserved 1048576K
}
Event: 4.430 GC heap before
{Heap before GC invocations=10 (full 0):
 garbage-first heap   total 67584K, used 40617K [0x00000000c3200000, 0x0000000100000000)
  region size 1024K, 27 young (27648K), 3 survivors (3072K)
 Metaspace       used 37345K, committed 37568K, reserved 1114112K
  class space    used 4511K, committed 4608K, reserved 1048576K
}
Event: 4.444 GC heap after
{Heap after GC invocations=11 (full 0):
 garbage-first heap   total 67584K, used 19020K [0x00000000c3200000, 0x0000000100000000)
  region size 1024K, 2 young (2048K), 2 survivors (2048K)
 Metaspace       used 37345K, committed 37568K, reserved 1114112K
  class space    used 4511K, committed 4608K, reserved 1048576K
}
Event: 5.459 GC heap before
{Heap before GC invocations=11 (full 0):
 garbage-first heap   total 67584K, used 48716K [0x00000000c3200000, 0x0000000100000000)
  region size 1024K, 28 young (28672K), 2 survivors (2048K)
 Metaspace       used 41258K, committed 41472K, reserved 1114112K
  class space    used 4948K, committed 5056K, reserved 1048576K
}
Event: 5.477 GC heap after
{Heap after GC invocations=12 (full 0):
 garbage-first heap   total 67584K, used 25600K [0x00000000c3200000, 0x0000000100000000)
  region size 1024K, 4 young (4096K), 4 survivors (4096K)
 Metaspace       used 41258K, committed 41472K, reserved 1114112K
  class space    used 4948K, committed 5056K, reserved 1048576K
}
Event: 5.726 GC heap before
{Heap before GC invocations=12 (full 0):
 garbage-first heap   total 67584K, used 41984K [0x00000000c3200000, 0x0000000100000000)
  region size 1024K, 21 young (21504K), 4 survivors (4096K)
 Metaspace       used 42003K, committed 42176K, reserved 1114112K
  class space    used 5022K, committed 5120K, reserved 1048576K
}

