# JRE version: OpenJDK Runtime Environment (17.0.11) (build 17.0.11+0--11852314)
# Java VM: OpenJDK 64-Bit Server VM (17.0.11+0--11852314, mixed mode, tiered, compressed oops, compressed class ptrs, g1 gc, windows-amd64)
GC Precious Log:
 CPUs: 8 total, 8 available
 Memory: 3889M
 Large Page Support: Disabled
 NUMA Support: Disabled
 Compressed Oops: Enabled (Zero based)
 Heap Region Size: 2M
 Heap Min Capacity: 8M
 Heap Initial Capacity: 62M
 Heap Max Capacity: 4G
 Pre-touch: Disabled
 Parallel Workers: 8
 Concurrent Workers: 2
 Concurrent Refinement Workers: 8
 Periodic GC: Disabled
Heap:
 garbage-first heap   total 356352K, used 144794K [0x0000000700000000, 0x0000000800000000)
  region size 2048K, 6 young (12288K), 6 survivors (12288K)
 Metaspace       used 107763K, committed 108736K, reserved 1179648K
  class space    used 14916K, committed 15360K, reserved 1048576K
GC Heap History (20 events):
Event: 20.744 GC heap after
{Heap after GC invocations=40 (full 0):
 garbage-first heap   total 137216K, used 74121K [0x0000000700000000, 0x0000000800000000)
  region size 2048K, 1 young (2048K), 1 survivors (2048K)
 Metaspace       used 77542K, committed 78080K, reserved 1179648K
  class space    used 10827K, committed 11072K, reserved 1048576K
}
Event: 20.959 GC heap before
{Heap before GC invocations=40 (full 0):
 garbage-first heap   total 137216K, used 84361K [0x0000000700000000, 0x0000000800000000)
  region size 2048K, 7 young (14336K), 1 survivors (2048K)
 Metaspace       used 77638K, committed 78272K, reserved 1179648K
  class space    used 10838K, committed 11136K, reserved 1048576K
}
Event: 20.963 GC heap after
{Heap after GC invocations=41 (full 0):
 garbage-first heap   total 137216K, used 76648K [0x0000000700000000, 0x0000000800000000)
  region size 2048K, 2 young (4096K), 2 survivors (4096K)
 Metaspace       used 77638K, committed 78272K, reserved 1179648K
  class space    used 10838K, committed 11136K, reserved 1048576K
}
Event: 22.068 GC heap before
{Heap before GC invocations=42 (full 0):
 garbage-first heap   total 141312K, used 113512K [0x0000000700000000, 0x0000000800000000)
  region size 2048K, 17 young (34816K), 2 survivors (4096K)
 Metaspace       used 78508K, committed 79232K, reserved 1179648K
  class space    used 10953K, committed 11264K, reserved 1048576K
}
Event: 22.075 GC heap after
{Heap after GC invocations=43 (full 0):
 garbage-first heap   total 141312K, used 96293K [0x0000000700000000, 0x0000000800000000)
  region size 2048K, 3 young (6144K), 3 survivors (6144K)
 Metaspace       used 78508K, committed 79232K, reserved 1179648K
  class space    used 10953K, committed 11264K, reserved 1048576K
}
Event: 22.102 GC heap before
{Heap before GC invocations=43 (full 0):
 garbage-first heap   total 141312K, used 98341K [0x0000000700000000, 0x0000000800000000)
  region size 2048K, 4 young (8192K), 3 survivors (6144K)
 Metaspace       used 78577K, committed 79296K, reserved 1179648K
  class space    used 10959K, committed 11264K, reserved 1048576K
}
Event: 22.107 GC heap after
{Heap after GC invocations=44 (full 0):
 garbage-first heap   total 141312K, used 96656K [0x0000000700000000, 0x0000000800000000)
  region size 2048K, 1 young (2048K), 1 survivors (2048K)
 Metaspace       used 78577K, committed 79296K, reserved 1179648K
  class space    used 10959K, committed 11264K, reserved 1048576K
}
Event: 22.369 GC heap before
{Heap before GC invocations=44 (full 0):
 garbage-first heap   total 141312K, used 113040K [0x0000000700000000, 0x0000000800000000)
  region size 2048K, 10 young (20480K), 1 survivors (2048K)
 Metaspace       used 79853K, committed 80512K, reserved 1179648K
  class space    used 11122K, committed 11392K, reserved 1048576K
}
Event: 22.372 GC heap after
{Heap after GC invocations=45 (full 0):
 garbage-first heap   total 141312K, used 98036K [0x0000000700000000, 0x0000000800000000)
  region size 2048K, 2 young (4096K), 2 survivors (4096K)
 Metaspace       used 79853K, committed 80512K, reserved 1179648K
  class space    used 11122K, committed 11392K, reserved 1048576K
}
Event: 22.704 GC heap before
{Heap before GC invocations=46 (full 0):
 garbage-first heap   total 178176K, used 112372K [0x0000000700000000, 0x0000000800000000)
  region size 2048K, 10 young (20480K), 2 survivors (4096K)
 Metaspace       used 81112K, committed 81792K, reserved 1179648K
  class space    used 11277K, committed 11584K, reserved 1048576K
}
Event: 22.708 GC heap after
{Heap after GC invocations=47 (full 0):
 garbage-first heap   total 178176K, used 99257K [0x0000000700000000, 0x0000000800000000)
  region size 2048K, 2 young (4096K), 2 survivors (4096K)
 Metaspace       used 81112K, committed 81792K, reserved 1179648K
  class space    used 11277K, committed 11584K, reserved 1048576K
}
Event: 22.761 GC heap before
{Heap before GC invocations=47 (full 0):
 garbage-first heap   total 178176K, used 101305K [0x0000000700000000, 0x0000000800000000)
  region size 2048K, 4 young (8192K), 2 survivors (4096K)
 Metaspace       used 81699K, committed 82432K, reserved 1179648K
  class space    used 11311K, committed 11648K, reserved 1048576K
}
Event: 22.765 GC heap after
{Heap after GC invocations=48 (full 0):
 garbage-first heap   total 356352K, used 97687K [0x0000000700000000, 0x0000000800000000)
  region size 2048K, 1 young (2048K), 1 survivors (2048K)
 Metaspace       used 81699K, committed 82432K, reserved 1179648K
  class space    used 11311K, committed 11648K, reserved 1048576K
}
Event: 26.117 GC heap before
{Heap before GC invocations=48 (full 0):
 garbage-first heap   total 356352K, used 234903K [0x0000000700000000, 0x0000000800000000)
  region size 2048K, 67 young (137216K), 1 survivors (2048K)
 Metaspace       used 92440K, committed 93184K, reserved 1179648K
  class space    used 12642K, committed 12928K, reserved 1048576K
}
Event: 26.273 GC heap after
{Heap after GC invocations=49 (full 0):
 garbage-first heap   total 356352K, used 110560K [0x0000000700000000, 0x0000000800000000)
  region size 2048K, 5 young (10240K), 5 survivors (10240K)
 Metaspace       used 92440K, committed 93184K, reserved 1179648K
  class space    used 12642K, committed 12928K, reserved 1048576K
}
Event: 35.064 GC heap before
{Heap before GC invocations=49 (full 0):
 garbage-first heap   total 356352K, used 270304K [0x0000000700000000, 0x0000000800000000)
  region size 2048K, 83 young (169984K), 5 survivors (10240K)
 Metaspace       used 94713K, committed 95488K, reserved 1179648K
  class space    used 12935K, committed 13248K, reserved 1048576K
}
Event: 35.259 GC heap after
{Heap after GC invocations=50 (full 0):
 garbage-first heap   total 356352K, used 127033K [0x0000000700000000, 0x0000000800000000)
  region size 2048K, 11 young (22528K), 11 survivors (22528K)
 Metaspace       used 94713K, committed 95488K, reserved 1179648K
  class space    used 12935K, committed 13248K, reserved 1048576K
}
Event: 40.598 GC heap before
{Heap before GC invocations=50 (full 0):
 garbage-first heap   total 356352K, used 225337K [0x0000000700000000, 0x0000000800000000)
  region size 2048K, 56 young (114688K), 11 survivors (22528K)
 Metaspace       used 100548K, committed 101376K, reserved 1179648K
  class space    used 13738K, committed 14144K, reserved 1048576K
}
Event: 40.694 GC heap after
{Heap after GC invocations=51 (full 0):
 garbage-first heap   total 356352K, used 141039K [0x0000000700000000, 0x0000000800000000)
  region size 2048K, 4 young (8192K), 4 survivors (8192K)
 Metaspace       used 100548K, committed 101376K, reserved 1179648K
  class space    used 13738K, committed 14144K, reserved 1048576K
}
Event: 43.703 GC heap before
{Heap before GC invocations=51 (full 0):
 garbage-first heap   total 356352K, used 253679K [0x0000000700000000, 0x0000000800000000)
  region size 2048K, 59 young (120832K), 4 survivors (8192K)
 Metaspace       used 107763K, committed 108736K, reserved 1179648K
  class space    used 14916K, committed 15360K, reserved 1048576K
}

