# JRE version: OpenJDK Runtime Environment (17.0.11) (build 17.0.11+0--11852314)
# Java VM: OpenJDK 64-Bit Server VM (17.0.11+0--11852314, mixed mode, tiered, compressed oops, compressed class ptrs, g1 gc, windows-amd64)
GC Precious Log:
 CPUs: 8 total, 8 available
 Memory: 3889M
 Large Page Support: Disabled
 NUMA Support: Disabled
 Compressed Oops: Enabled (Zero based)
 Heap Region Size: 2M
 Heap Min Capacity: 8M
 Heap Initial Capacity: 62M
 Heap Max Capacity: 4G
 Pre-touch: Disabled
 Parallel Workers: 8
 Concurrent Workers: 2
 Concurrent Refinement Workers: 8
 Periodic GC: Disabled
Heap:
 garbage-first heap   total 288768K, used 167078K [0x0000000700000000, 0x0000000800000000)
  region size 2048K, 3 young (6144K), 1 survivors (2048K)
 Metaspace       used 107520K, committed 108480K, reserved 1179648K
  class space    used 14683K, committed 15104K, reserved 1048576K
GC Heap History (20 events):
Event: 32.814 GC heap before
{Heap before GC invocations=58 (full 0):
 garbage-first heap   total 182272K, used 128095K [0x0000000700000000, 0x0000000800000000)
  region size 2048K, 14 young (28672K), 2 survivors (4096K)
 Metaspace       used 95147K, committed 95872K, reserved 1179648K
  class space    used 13062K, committed 13376K, reserved 1048576K
}
Event: 32.820 GC heap after
{Heap after GC invocations=59 (full 0):
 garbage-first heap   total 182272K, used 110658K [0x0000000700000000, 0x0000000800000000)
  region size 2048K, 2 young (4096K), 2 survivors (4096K)
 Metaspace       used 95147K, committed 95872K, reserved 1179648K
  class space    used 13062K, committed 13376K, reserved 1048576K
}
Event: 33.379 GC heap before
{Heap before GC invocations=60 (full 0):
 garbage-first heap   total 202752K, used 141378K [0x0000000700000000, 0x0000000800000000)
  region size 2048K, 15 young (30720K), 2 survivors (4096K)
 Metaspace       used 95484K, committed 96320K, reserved 1179648K
  class space    used 13093K, committed 13440K, reserved 1048576K
}
Event: 33.387 GC heap after
{Heap after GC invocations=61 (full 0):
 garbage-first heap   total 202752K, used 124733K [0x0000000700000000, 0x0000000800000000)
  region size 2048K, 2 young (4096K), 2 survivors (4096K)
 Metaspace       used 95484K, committed 96320K, reserved 1179648K
  class space    used 13093K, committed 13440K, reserved 1048576K
}
Event: 33.905 GC heap before
{Heap before GC invocations=61 (full 0):
 garbage-first heap   total 202752K, used 151357K [0x0000000700000000, 0x0000000800000000)
  region size 2048K, 16 young (32768K), 2 survivors (4096K)
 Metaspace       used 95743K, committed 96576K, reserved 1179648K
  class space    used 13118K, committed 13440K, reserved 1048576K
}
Event: 33.912 GC heap after
{Heap after GC invocations=62 (full 0):
 garbage-first heap   total 202752K, used 132865K [0x0000000700000000, 0x0000000800000000)
  region size 2048K, 2 young (4096K), 2 survivors (4096K)
 Metaspace       used 95743K, committed 96576K, reserved 1179648K
  class space    used 13118K, committed 13440K, reserved 1048576K
}
Event: 34.437 GC heap before
{Heap before GC invocations=63 (full 0):
 garbage-first heap   total 239616K, used 155393K [0x0000000700000000, 0x0000000800000000)
  region size 2048K, 13 young (26624K), 2 survivors (4096K)
 Metaspace       used 96141K, committed 97024K, reserved 1179648K
  class space    used 13174K, committed 13504K, reserved 1048576K
}
Event: 34.445 GC heap after
{Heap after GC invocations=64 (full 0):
 garbage-first heap   total 239616K, used 138020K [0x0000000700000000, 0x0000000800000000)
  region size 2048K, 2 young (4096K), 2 survivors (4096K)
 Metaspace       used 96141K, committed 97024K, reserved 1179648K
  class space    used 13174K, committed 13504K, reserved 1048576K
}
Event: 35.327 GC heap before
{Heap before GC invocations=64 (full 0):
 garbage-first heap   total 239616K, used 176932K [0x0000000700000000, 0x0000000800000000)
  region size 2048K, 21 young (43008K), 2 survivors (4096K)
 Metaspace       used 99450K, committed 100352K, reserved 1179648K
  class space    used 13708K, committed 14080K, reserved 1048576K
}
Event: 35.338 GC heap after
{Heap after GC invocations=65 (full 0):
 garbage-first heap   total 288768K, used 142305K [0x0000000700000000, 0x0000000800000000)
  region size 2048K, 2 young (4096K), 2 survivors (4096K)
 Metaspace       used 99450K, committed 100352K, reserved 1179648K
  class space    used 13708K, committed 14080K, reserved 1048576K
}
Event: 36.799 GC heap before
{Heap before GC invocations=66 (full 0):
 garbage-first heap   total 288768K, used 205793K [0x0000000700000000, 0x0000000800000000)
  region size 2048K, 33 young (67584K), 2 survivors (4096K)
 Metaspace       used 103565K, committed 104448K, reserved 1179648K
  class space    used 14224K, committed 14592K, reserved 1048576K
}
Event: 36.814 GC heap after
{Heap after GC invocations=67 (full 0):
 garbage-first heap   total 288768K, used 152674K [0x0000000700000000, 0x0000000800000000)
  region size 2048K, 5 young (10240K), 5 survivors (10240K)
 Metaspace       used 103565K, committed 104448K, reserved 1179648K
  class space    used 14224K, committed 14592K, reserved 1048576K
}
Event: 36.869 GC heap before
{Heap before GC invocations=67 (full 0):
 garbage-first heap   total 288768K, used 156770K [0x0000000700000000, 0x0000000800000000)
  region size 2048K, 7 young (14336K), 5 survivors (10240K)
 Metaspace       used 103696K, committed 104640K, reserved 1179648K
  class space    used 14242K, committed 14656K, reserved 1048576K
}
Event: 36.887 GC heap after
{Heap after GC invocations=68 (full 0):
 garbage-first heap   total 288768K, used 153920K [0x0000000700000000, 0x0000000800000000)
  region size 2048K, 1 young (2048K), 1 survivors (2048K)
 Metaspace       used 103696K, committed 104640K, reserved 1179648K
  class space    used 14242K, committed 14656K, reserved 1048576K
}
Event: 39.429 GC heap before
{Heap before GC invocations=68 (full 0):
 garbage-first heap   total 288768K, used 211264K [0x0000000700000000, 0x0000000800000000)
  region size 2048K, 30 young (61440K), 1 survivors (2048K)
 Metaspace       used 107045K, committed 108032K, reserved 1179648K
  class space    used 14612K, committed 15040K, reserved 1048576K
}
Event: 39.452 GC heap after
{Heap after GC invocations=69 (full 0):
 garbage-first heap   total 288768K, used 162266K [0x0000000700000000, 0x0000000800000000)
  region size 2048K, 4 young (8192K), 4 survivors (8192K)
 Metaspace       used 107045K, committed 108032K, reserved 1179648K
  class space    used 14612K, committed 15040K, reserved 1048576K
}
Event: 48.567 GC heap before
{Heap before GC invocations=70 (full 0):
 garbage-first heap   total 288768K, used 215514K [0x0000000700000000, 0x0000000800000000)
  region size 2048K, 31 young (63488K), 4 survivors (8192K)
 Metaspace       used 107179K, committed 108160K, reserved 1179648K
  class space    used 14626K, committed 15040K, reserved 1048576K
}
Event: 48.624 GC heap after
{Heap after GC invocations=71 (full 0):
 garbage-first heap   total 288768K, used 164575K [0x0000000700000000, 0x0000000800000000)
  region size 2048K, 2 young (4096K), 2 survivors (4096K)
 Metaspace       used 107179K, committed 108160K, reserved 1179648K
  class space    used 14626K, committed 15040K, reserved 1048576K
}
Event: 49.479 GC heap before
{Heap before GC invocations=71 (full 0):
 garbage-first heap   total 288768K, used 174815K [0x0000000700000000, 0x0000000800000000)
  region size 2048K, 7 young (14336K), 2 survivors (4096K)
 Metaspace       used 107358K, committed 108352K, reserved 1179648K
  class space    used 14662K, committed 15104K, reserved 1048576K
}
Event: 49.511 GC heap after
{Heap after GC invocations=72 (full 0):
 garbage-first heap   total 288768K, used 165030K [0x0000000700000000, 0x0000000800000000)
  region size 2048K, 1 young (2048K), 1 survivors (2048K)
 Metaspace       used 107358K, committed 108352K, reserved 1179648K
  class space    used 14662K, committed 15104K, reserved 1048576K
}

