# JRE version: OpenJDK Runtime Environment (17.0.11) (build 17.0.11+0--11852314)
# Java VM: OpenJDK 64-Bit Server VM (17.0.11+0--11852314, mixed mode, tiered, compressed oops, compressed class ptrs, g1 gc, windows-amd64)
GC Precious Log:
 CPUs: 8 total, 8 available
 Memory: 3889M
 Large Page Support: Disabled
 NUMA Support: Disabled
 Compressed Oops: Enabled (Zero based)
 Heap Region Size: 2M
 Heap Min Capacity: 8M
 Heap Initial Capacity: 62M
 Heap Max Capacity: 4G
 Pre-touch: Disabled
 Parallel Workers: 8
 Concurrent Workers: 2
 Concurrent Refinement Workers: 8
 Periodic GC: Disabled
Heap:
 garbage-first heap   total 878592K, used 569758K [0x0000000700000000, 0x0000000800000000)
  region size 2048K, 14 young (28672K), 14 survivors (28672K)
 Metaspace       used 151734K, committed 153600K, reserved 1245184K
  class space    used 20965K, committed 21760K, reserved 1048576K
GC Heap History (20 events):
Event: 75.718 GC heap after
{Heap after GC invocations=76 (full 0):
 garbage-first heap   total 487424K, used 419212K [0x0000000700000000, 0x0000000800000000)
  region size 2048K, 1 young (2048K), 1 survivors (2048K)
 Metaspace       used 130098K, committed 131840K, reserved 1179648K
  class space    used 17709K, committed 18432K, reserved 1048576K
}
Event: 78.640 GC heap before
{Heap before GC invocations=77 (full 0):
 garbage-first heap   total 878592K, used 525708K [0x0000000700000000, 0x0000000800000000)
  region size 2048K, 12 young (24576K), 1 survivors (2048K)
 Metaspace       used 130147K, committed 131840K, reserved 1179648K
  class space    used 17709K, committed 18432K, reserved 1048576K
}
Event: 78.647 GC heap after
{Heap after GC invocations=78 (full 0):
 garbage-first heap   total 878592K, used 494075K [0x0000000700000000, 0x0000000800000000)
  region size 2048K, 2 young (4096K), 2 survivors (4096K)
 Metaspace       used 130147K, committed 131840K, reserved 1179648K
  class space    used 17709K, committed 18432K, reserved 1048576K
}
Event: 79.813 GC heap before
{Heap before GC invocations=78 (full 0):
 garbage-first heap   total 878592K, used 530939K [0x0000000700000000, 0x0000000800000000)
  region size 2048K, 21 young (43008K), 2 survivors (4096K)
 Metaspace       used 130964K, committed 132736K, reserved 1179648K
  class space    used 17828K, committed 18560K, reserved 1048576K
}
Event: 79.823 GC heap after
{Heap after GC invocations=79 (full 0):
 garbage-first heap   total 878592K, used 414523K [0x0000000700000000, 0x0000000800000000)
  region size 2048K, 2 young (4096K), 2 survivors (4096K)
 Metaspace       used 130964K, committed 132736K, reserved 1179648K
  class space    used 17828K, committed 18560K, reserved 1048576K
}
Event: 81.517 GC heap before
{Heap before GC invocations=79 (full 0):
 garbage-first heap   total 878592K, used 680763K [0x0000000700000000, 0x0000000800000000)
  region size 2048K, 133 young (272384K), 2 survivors (4096K)
 Metaspace       used 131776K, committed 133440K, reserved 1179648K
  class space    used 17912K, committed 18624K, reserved 1048576K
}
Event: 81.565 GC heap after
{Heap after GC invocations=80 (full 0):
 garbage-first heap   total 878592K, used 433316K [0x0000000700000000, 0x0000000800000000)
  region size 2048K, 11 young (22528K), 11 survivors (22528K)
 Metaspace       used 131776K, committed 133440K, reserved 1179648K
  class space    used 17912K, committed 18624K, reserved 1048576K
}
Event: 95.068 GC heap before
{Heap before GC invocations=81 (full 0):
 garbage-first heap   total 878592K, used 758948K [0x0000000700000000, 0x0000000800000000)
  region size 2048K, 143 young (292864K), 11 survivors (22528K)
 Metaspace       used 137477K, committed 139264K, reserved 1179648K
  class space    used 18737K, committed 19520K, reserved 1048576K
}
Event: 95.155 GC heap after
{Heap after GC invocations=82 (full 0):
 garbage-first heap   total 878592K, used 402250K [0x0000000700000000, 0x0000000800000000)
  region size 2048K, 18 young (36864K), 18 survivors (36864K)
 Metaspace       used 137477K, committed 139264K, reserved 1179648K
  class space    used 18737K, committed 19520K, reserved 1048576K
}
Event: 95.195 GC heap before
{Heap before GC invocations=82 (full 0):
 garbage-first heap   total 878592K, used 412490K [0x0000000700000000, 0x0000000800000000)
  region size 2048K, 21 young (43008K), 18 survivors (36864K)
 Metaspace       used 137677K, committed 139520K, reserved 1179648K
  class space    used 18765K, committed 19584K, reserved 1048576K
}
Event: 95.263 GC heap after
{Heap after GC invocations=83 (full 0):
 garbage-first heap   total 878592K, used 405068K [0x0000000700000000, 0x0000000800000000)
  region size 2048K, 2 young (4096K), 2 survivors (4096K)
 Metaspace       used 137677K, committed 139520K, reserved 1179648K
  class space    used 18765K, committed 19584K, reserved 1048576K
}
Event: 95.268 GC heap before
{Heap before GC invocations=83 (full 0):
 garbage-first heap   total 878592K, used 407116K [0x0000000700000000, 0x0000000800000000)
  region size 2048K, 4 young (8192K), 2 survivors (4096K)
 Metaspace       used 137688K, committed 139520K, reserved 1179648K
  class space    used 18766K, committed 19584K, reserved 1048576K
}
Event: 95.272 GC heap after
{Heap after GC invocations=84 (full 0):
 garbage-first heap   total 878592K, used 402309K [0x0000000700000000, 0x0000000800000000)
  region size 2048K, 1 young (2048K), 1 survivors (2048K)
 Metaspace       used 137688K, committed 139520K, reserved 1179648K
  class space    used 18766K, committed 19584K, reserved 1048576K
}
Event: 97.279 GC heap before
{Heap before GC invocations=85 (full 0):
 garbage-first heap   total 878592K, used 732037K [0x0000000700000000, 0x0000000800000000)
  region size 2048K, 149 young (305152K), 1 survivors (2048K)
 Metaspace       used 148761K, committed 150592K, reserved 1179648K
  class space    used 20585K, committed 21376K, reserved 1048576K
}
Event: 97.417 GC heap after
{Heap after GC invocations=86 (full 0):
 garbage-first heap   total 878592K, used 476675K [0x0000000700000000, 0x0000000800000000)
  region size 2048K, 19 young (38912K), 19 survivors (38912K)
 Metaspace       used 148761K, committed 150592K, reserved 1179648K
  class space    used 20585K, committed 21376K, reserved 1048576K
}
Event: 97.446 GC heap before
{Heap before GC invocations=86 (full 0):
 garbage-first heap   total 878592K, used 480771K [0x0000000700000000, 0x0000000800000000)
  region size 2048K, 21 young (43008K), 19 survivors (38912K)
 Metaspace       used 148830K, committed 150656K, reserved 1179648K
  class space    used 20589K, committed 21376K, reserved 1048576K
}
Event: 97.532 GC heap after
{Heap after GC invocations=87 (full 0):
 garbage-first heap   total 878592K, used 478902K [0x0000000700000000, 0x0000000800000000)
  region size 2048K, 2 young (4096K), 2 survivors (4096K)
 Metaspace       used 148830K, committed 150656K, reserved 1179648K
  class space    used 20589K, committed 21376K, reserved 1048576K
}
Event: 98.485 GC heap before
{Heap before GC invocations=87 (full 0):
 garbage-first heap   total 878592K, used 698038K [0x0000000700000000, 0x0000000800000000)
  region size 2048K, 110 young (225280K), 2 survivors (4096K)
 Metaspace       used 151018K, committed 152896K, reserved 1245184K
  class space    used 20895K, committed 21696K, reserved 1048576K
}
Event: 98.602 GC heap after
{Heap after GC invocations=88 (full 0):
 garbage-first heap   total 878592K, used 516946K [0x0000000700000000, 0x0000000800000000)
  region size 2048K, 14 young (28672K), 14 survivors (28672K)
 Metaspace       used 151018K, committed 152896K, reserved 1245184K
  class space    used 20895K, committed 21696K, reserved 1048576K
}
Event: 99.276 GC heap before
{Heap before GC invocations=88 (full 0):
 garbage-first heap   total 878592K, used 705362K [0x0000000700000000, 0x0000000800000000)
  region size 2048K, 106 young (217088K), 14 survivors (28672K)
 Metaspace       used 151734K, committed 153600K, reserved 1245184K
  class space    used 20965K, committed 21760K, reserved 1048576K
}

