# JRE version: OpenJDK Runtime Environment (17.0.11) (build 17.0.11+0--11852314)
# Java VM: OpenJDK 64-Bit Server VM (17.0.11+0--11852314, mixed mode, tiered, compressed oops, compressed class ptrs, g1 gc, windows-amd64)
GC Precious Log:
 CPUs: 8 total, 8 available
 Memory: 3889M
 Large Page Support: Disabled
 NUMA Support: Disabled
 Compressed Oops: Enabled (Zero based)
 Heap Region Size: 2M
 Heap Min Capacity: 8M
 Heap Initial Capacity: 62M
 Heap Max Capacity: 4G
 Pre-touch: Disabled
 Parallel Workers: 8
 Concurrent Workers: 2
 Concurrent Refinement Workers: 8
 Periodic GC: Disabled
Heap:
 garbage-first heap   total 614400K, used 376727K [0x0000000700000000, 0x0000000800000000)
  region size 2048K, 4 young (8192K), 4 survivors (8192K)
 Metaspace       used 156840K, committed 158016K, reserved 1245184K
  class space    used 21502K, committed 22016K, reserved 1048576K
GC Heap History (20 events):
Event: 107.612 GC heap after
{Heap after GC invocations=76 (full 0):
 garbage-first heap   total 393216K, used 209927K [0x0000000700000000, 0x0000000800000000)
  region size 2048K, 4 young (8192K), 4 survivors (8192K)
 Metaspace       used 129375K, committed 130496K, reserved 1179648K
  class space    used 17449K, committed 17920K, reserved 1048576K
}
Event: 110.230 GC heap before
{Heap before GC invocations=76 (full 0):
 garbage-first heap   total 393216K, used 326663K [0x0000000700000000, 0x0000000800000000)
  region size 2048K, 59 young (120832K), 4 survivors (8192K)
 Metaspace       used 138497K, committed 139648K, reserved 1179648K
  class space    used 18664K, committed 19200K, reserved 1048576K
}
Event: 110.277 GC heap after
{Heap after GC invocations=77 (full 0):
 garbage-first heap   total 393216K, used 224030K [0x0000000700000000, 0x0000000800000000)
  region size 2048K, 8 young (16384K), 8 survivors (16384K)
 Metaspace       used 138497K, committed 139648K, reserved 1179648K
  class space    used 18664K, committed 19200K, reserved 1048576K
}
Event: 111.753 GC heap before
{Heap before GC invocations=77 (full 0):
 garbage-first heap   total 393216K, used 244510K [0x0000000700000000, 0x0000000800000000)
  region size 2048K, 20 young (40960K), 8 survivors (16384K)
 Metaspace       used 139973K, committed 141184K, reserved 1179648K
  class space    used 18822K, committed 19328K, reserved 1048576K
}
Event: 111.808 GC heap after
{Heap after GC invocations=78 (full 0):
 garbage-first heap   total 393216K, used 216289K [0x0000000700000000, 0x0000000800000000)
  region size 2048K, 2 young (4096K), 2 survivors (4096K)
 Metaspace       used 139973K, committed 141184K, reserved 1179648K
  class space    used 18822K, committed 19328K, reserved 1048576K
}
Event: 112.658 GC heap before
{Heap before GC invocations=78 (full 0):
 garbage-first heap   total 393216K, used 294113K [0x0000000700000000, 0x0000000800000000)
  region size 2048K, 9 young (18432K), 2 survivors (4096K)
 Metaspace       used 140050K, committed 141184K, reserved 1179648K
  class space    used 18829K, committed 19328K, reserved 1048576K
}
Event: 112.665 GC heap after
{Heap after GC invocations=79 (full 0):
 garbage-first heap   total 393216K, used 281369K [0x0000000700000000, 0x0000000800000000)
  region size 2048K, 1 young (2048K), 1 survivors (2048K)
 Metaspace       used 140050K, committed 141184K, reserved 1179648K
  class space    used 18829K, committed 19328K, reserved 1048576K
}
Event: 113.027 GC heap before
{Heap before GC invocations=79 (full 0):
 garbage-first heap   total 393216K, used 381721K [0x0000000700000000, 0x0000000800000000)
  region size 2048K, 19 young (38912K), 1 survivors (2048K)
 Metaspace       used 140425K, committed 141568K, reserved 1179648K
  class space    used 18891K, committed 19392K, reserved 1048576K
}
Event: 113.035 GC heap after
{Heap after GC invocations=80 (full 0):
 garbage-first heap   total 393216K, used 352434K [0x0000000700000000, 0x0000000800000000)
  region size 2048K, 3 young (6144K), 3 survivors (6144K)
 Metaspace       used 140425K, committed 141568K, reserved 1179648K
  class space    used 18891K, committed 19392K, reserved 1048576K
}
Event: 113.105 GC heap before
{Heap before GC invocations=80 (full 0):
 garbage-first heap   total 393216K, used 366770K [0x0000000700000000, 0x0000000800000000)
  region size 2048K, 10 young (20480K), 3 survivors (6144K)
 Metaspace       used 140437K, committed 141568K, reserved 1179648K
  class space    used 18891K, committed 19392K, reserved 1048576K
}
Event: 113.130 GC heap after
{Heap after GC invocations=81 (full 0):
 garbage-first heap   total 473088K, used 355061K [0x0000000700000000, 0x0000000800000000)
  region size 2048K, 2 young (4096K), 2 survivors (4096K)
 Metaspace       used 140437K, committed 141568K, reserved 1179648K
  class space    used 18891K, committed 19392K, reserved 1048576K
}
Event: 114.177 GC heap before
{Heap before GC invocations=81 (full 0):
 garbage-first heap   total 473088K, used 406261K [0x0000000700000000, 0x0000000800000000)
  region size 2048K, 29 young (59392K), 2 survivors (4096K)
 Metaspace       used 142199K, committed 143360K, reserved 1179648K
  class space    used 19144K, committed 19648K, reserved 1048576K
}
Event: 114.200 GC heap after
{Heap after GC invocations=82 (full 0):
 garbage-first heap   total 473088K, used 361017K [0x0000000700000000, 0x0000000800000000)
  region size 2048K, 4 young (8192K), 4 survivors (8192K)
 Metaspace       used 142199K, committed 143360K, reserved 1179648K
  class space    used 19144K, committed 19648K, reserved 1048576K
}
Event: 116.161 GC heap before
{Heap before GC invocations=82 (full 0):
 garbage-first heap   total 614400K, used 395833K [0x0000000700000000, 0x0000000800000000)
  region size 2048K, 23 young (47104K), 4 survivors (8192K)
 Metaspace       used 147564K, committed 148736K, reserved 1179648K
  class space    used 20047K, committed 20544K, reserved 1048576K
}
Event: 116.184 GC heap after
{Heap after GC invocations=83 (full 0):
 garbage-first heap   total 614400K, used 365601K [0x0000000700000000, 0x0000000800000000)
  region size 2048K, 3 young (6144K), 3 survivors (6144K)
 Metaspace       used 147564K, committed 148736K, reserved 1179648K
  class space    used 20047K, committed 20544K, reserved 1048576K
}
Event: 117.507 GC heap before
{Heap before GC invocations=84 (full 0):
 garbage-first heap   total 614400K, used 525345K [0x0000000700000000, 0x0000000800000000)
  region size 2048K, 82 young (167936K), 3 survivors (6144K)
 Metaspace       used 154787K, committed 155968K, reserved 1245184K
  class space    used 21231K, committed 21760K, reserved 1048576K
}
Event: 117.541 GC heap after
{Heap after GC invocations=85 (full 0):
 garbage-first heap   total 614400K, used 374890K [0x0000000700000000, 0x0000000800000000)
  region size 2048K, 7 young (14336K), 7 survivors (14336K)
 Metaspace       used 154787K, committed 155968K, reserved 1245184K
  class space    used 21231K, committed 21760K, reserved 1048576K
}
Event: 117.625 GC heap before
{Heap before GC invocations=85 (full 0):
 garbage-first heap   total 614400K, used 391274K [0x0000000700000000, 0x0000000800000000)
  region size 2048K, 15 young (30720K), 7 survivors (14336K)
 Metaspace       used 154824K, committed 156032K, reserved 1245184K
  class space    used 21235K, committed 21760K, reserved 1048576K
}
Event: 117.650 GC heap after
{Heap after GC invocations=86 (full 0):
 garbage-first heap   total 614400K, used 372223K [0x0000000700000000, 0x0000000800000000)
  region size 2048K, 1 young (2048K), 1 survivors (2048K)
 Metaspace       used 154824K, committed 156032K, reserved 1245184K
  class space    used 21235K, committed 21760K, reserved 1048576K
}
Event: 118.432 GC heap before
{Heap before GC invocations=86 (full 0):
 garbage-first heap   total 614400K, used 511487K [0x0000000700000000, 0x0000000800000000)
  region size 2048K, 70 young (143360K), 1 survivors (2048K)
 Metaspace       used 156840K, committed 158016K, reserved 1245184K
  class space    used 21502K, committed 22016K, reserved 1048576K
}

