# JRE version: Java(TM) SE Runtime Environment (19.0.1+10) (build 19.0.1+10-21)
# Java VM: Java HotSpot(TM) 64-Bit Server VM (19.0.1+10-21, mixed mode, sharing, tiered, compressed oops, compressed class ptrs, g1 gc, windows-amd64)
GC Precious Log:
 CardTable entry size: 512
 Card Set container configuration: InlinePtr #cards 5 size 8 Array Of Cards #cards 12 size 40 Howl #buckets 4 coarsen threshold 1843 Howl Bitmap #cards 512 size 80 coarsen threshold 460 Card regions per heap region 1 cards per card region 2048
 CPUs: 8 total, 8 available
 Memory: 3889M
 Large Page Support: Disabled
 NUMA Support: Disabled
 Compressed Oops: Enabled (32-bit)
 Heap Region Size: 1M
 Heap Min Capacity: 8M
 Heap Initial Capacity: 62M
 Heap Max Capacity: 974M
 Pre-touch: Disabled
 Parallel Workers: 8
 Concurrent Workers: 2
 Concurrent Refinement Workers: 8
 Periodic GC: Disabled
Heap:
 garbage-first heap   total 96256K, used 71629K [0x00000000c3200000, 0x0000000100000000)
  region size 1024K, 28 young (28672K), 5 survivors (5120K)
 Metaspace       used 53635K, committed 54400K, reserved 1114112K
  class space    used 6336K, committed 6720K, reserved 1048576K
GC Heap History (20 events):
Event: 1.920 GC heap before
{Heap before GC invocations=3 (full 0):
 garbage-first heap   total 63488K, used 46697K [0x00000000c3200000, 0x0000000100000000)
  region size 1024K, 24 young (24576K), 5 survivors (5120K)
 Metaspace       used 17855K, committed 18112K, reserved 1114112K
  class space    used 2245K, committed 2368K, reserved 1048576K
}
Event: 1.940 GC heap after
{Heap after GC invocations=4 (full 0):
 garbage-first heap   total 63488K, used 23995K [0x00000000c3200000, 0x0000000100000000)
  region size 1024K, 3 young (3072K), 3 survivors (3072K)
 Metaspace       used 17855K, committed 18112K, reserved 1114112K
  class space    used 2245K, committed 2368K, reserved 1048576K
}
Event: 2.227 GC heap before
{Heap before GC invocations=4 (full 0):
 garbage-first heap   total 63488K, used 34235K [0x00000000c3200000, 0x0000000100000000)
  region size 1024K, 15 young (15360K), 3 survivors (3072K)
 Metaspace       used 21232K, committed 21504K, reserved 1114112K
  class space    used 2815K, committed 2944K, reserved 1048576K
}
Event: 2.233 GC heap after
{Heap after GC invocations=5 (full 0):
 garbage-first heap   total 63488K, used 25487K [0x00000000c3200000, 0x0000000100000000)
  region size 1024K, 1 young (1024K), 1 survivors (1024K)
 Metaspace       used 21232K, committed 21504K, reserved 1114112K
  class space    used 2815K, committed 2944K, reserved 1048576K
}
Event: 2.642 GC heap before
{Heap before GC invocations=6 (full 0):
 garbage-first heap   total 63488K, used 55183K [0x00000000c3200000, 0x0000000100000000)
  region size 1024K, 21 young (21504K), 1 survivors (1024K)
 Metaspace       used 24852K, committed 25088K, reserved 1114112K
  class space    used 3198K, committed 3328K, reserved 1048576K
}
Event: 2.648 GC heap after
{Heap after GC invocations=7 (full 0):
 garbage-first heap   total 63488K, used 37597K [0x00000000c3200000, 0x0000000100000000)
  region size 1024K, 3 young (3072K), 3 survivors (3072K)
 Metaspace       used 24852K, committed 25088K, reserved 1114112K
  class space    used 3198K, committed 3328K, reserved 1048576K
}
Event: 2.671 GC heap before
{Heap before GC invocations=7 (full 0):
 garbage-first heap   total 63488K, used 38621K [0x00000000c3200000, 0x0000000100000000)
  region size 1024K, 4 young (4096K), 3 survivors (3072K)
 Metaspace       used 25021K, committed 25280K, reserved 1114112K
  class space    used 3228K, committed 3328K, reserved 1048576K
}
Event: 2.676 GC heap after
{Heap after GC invocations=8 (full 0):
 garbage-first heap   total 96256K, used 37155K [0x00000000c3200000, 0x0000000100000000)
  region size 1024K, 1 young (1024K), 1 survivors (1024K)
 Metaspace       used 25021K, committed 25280K, reserved 1114112K
  class space    used 3228K, committed 3328K, reserved 1048576K
}
Event: 3.268 GC heap before
{Heap before GC invocations=8 (full 0):
 garbage-first heap   total 96256K, used 68899K [0x00000000c3200000, 0x0000000100000000)
  region size 1024K, 33 young (33792K), 1 survivors (1024K)
 Metaspace       used 30581K, committed 31232K, reserved 1114112K
  class space    used 3790K, committed 4096K, reserved 1048576K
}
Event: 3.274 GC heap after
{Heap after GC invocations=9 (full 0):
 garbage-first heap   total 96256K, used 39761K [0x00000000c3200000, 0x0000000100000000)
  region size 1024K, 3 young (3072K), 3 survivors (3072K)
 Metaspace       used 30581K, committed 31232K, reserved 1114112K
  class space    used 3790K, committed 4096K, reserved 1048576K
}
Event: 3.737 GC heap before
{Heap before GC invocations=9 (full 0):
 garbage-first heap   total 96256K, used 63313K [0x00000000c3200000, 0x0000000100000000)
  region size 1024K, 27 young (27648K), 3 survivors (3072K)
 Metaspace       used 35771K, committed 36480K, reserved 1114112K
  class space    used 4420K, committed 4800K, reserved 1048576K
}
Event: 3.746 GC heap after
{Heap after GC invocations=10 (full 0):
 garbage-first heap   total 96256K, used 41809K [0x00000000c3200000, 0x0000000100000000)
  region size 1024K, 2 young (2048K), 2 survivors (2048K)
 Metaspace       used 35771K, committed 36480K, reserved 1114112K
  class space    used 4420K, committed 4800K, reserved 1048576K
}
Event: 3.983 GC heap before
{Heap before GC invocations=11 (full 0):
 garbage-first heap   total 96256K, used 74577K [0x00000000c3200000, 0x0000000100000000)
  region size 1024K, 33 young (33792K), 2 survivors (2048K)
 Metaspace       used 36234K, committed 36992K, reserved 1114112K
  class space    used 4455K, committed 4864K, reserved 1048576K
}
Event: 3.991 GC heap after
{Heap after GC invocations=12 (full 0):
 garbage-first heap   total 96256K, used 43444K [0x00000000c3200000, 0x0000000100000000)
  region size 1024K, 4 young (4096K), 4 survivors (4096K)
 Metaspace       used 36234K, committed 36992K, reserved 1114112K
  class space    used 4455K, committed 4864K, reserved 1048576K
}
Event: 4.004 GC heap before
{Heap before GC invocations=12 (full 0):
 garbage-first heap   total 96256K, used 44468K [0x00000000c3200000, 0x0000000100000000)
  region size 1024K, 5 young (5120K), 4 survivors (4096K)
 Metaspace       used 36253K, committed 37056K, reserved 1114112K
  class space    used 4455K, committed 4864K, reserved 1048576K
}
Event: 4.011 GC heap after
{Heap after GC invocations=13 (full 0):
 garbage-first heap   total 96256K, used 43092K [0x00000000c3200000, 0x0000000100000000)
  region size 1024K, 1 young (1024K), 1 survivors (1024K)
 Metaspace       used 36253K, committed 37056K, reserved 1114112K
  class space    used 4455K, committed 4864K, reserved 1048576K
}
Event: 4.854 GC heap before
{Heap before GC invocations=13 (full 0):
 garbage-first heap   total 96256K, used 73812K [0x00000000c3200000, 0x0000000100000000)
  region size 1024K, 32 young (32768K), 1 survivors (1024K)
 Metaspace       used 43680K, committed 44416K, reserved 1114112K
  class space    used 5354K, committed 5760K, reserved 1048576K
}
Event: 4.861 GC heap after
{Heap after GC invocations=14 (full 0):
 garbage-first heap   total 96256K, used 45022K [0x00000000c3200000, 0x0000000100000000)
  region size 1024K, 3 young (3072K), 3 survivors (3072K)
 Metaspace       used 43680K, committed 44416K, reserved 1114112K
  class space    used 5354K, committed 5760K, reserved 1048576K
}
Event: 5.530 GC heap before
{Heap before GC invocations=14 (full 0):
 garbage-first heap   total 96256K, used 75742K [0x00000000c3200000, 0x0000000100000000)
  region size 1024K, 33 young (33792K), 3 survivors (3072K)
 Metaspace       used 47798K, committed 48576K, reserved 1114112K
  class space    used 5763K, committed 6144K, reserved 1048576K
}
Event: 5.543 GC heap after
{Heap after GC invocations=15 (full 0):
 garbage-first heap   total 96256K, used 49101K [0x00000000c3200000, 0x0000000100000000)
  region size 1024K, 5 young (5120K), 5 survivors (5120K)
 Metaspace       used 47798K, committed 48576K, reserved 1114112K
  class space    used 5763K, committed 6144K, reserved 1048576K
}

