# JRE version: OpenJDK Runtime Environment (17.0.11) (build 17.0.11+0--11852314)
# Java VM: OpenJDK 64-Bit Server VM (17.0.11+0--11852314, mixed mode, tiered, compressed oops, compressed class ptrs, g1 gc, windows-amd64)
GC Precious Log:
 CPUs: 8 total, 8 available
 Memory: 3889M
 Large Page Support: Disabled
 NUMA Support: Disabled
 Compressed Oops: Enabled (Zero based)
 Heap Region Size: 2M
 Heap Min Capacity: 8M
 Heap Initial Capacity: 62M
 Heap Max Capacity: 4G
 Pre-touch: Disabled
 Parallel Workers: 8
 Concurrent Workers: 2
 Concurrent Refinement Workers: 8
 Periodic GC: Disabled
Heap:
 garbage-first heap   total 473088K, used 405333K [0x0000000700000000, 0x0000000800000000)
  region size 2048K, 64 young (131072K), 5 survivors (10240K)
 Metaspace       used 134113K, committed 135232K, reserved 1179648K
  class space    used 17749K, committed 18240K, reserved 1048576K
GC Heap History (20 events):
Event: 24.930 GC heap before
{Heap before GC invocations=56 (full 0):
 garbage-first heap   total 256000K, used 182092K [0x0000000700000000, 0x0000000800000000)
  region size 2048K, 26 young (53248K), 3 survivors (6144K)
 Metaspace       used 98554K, committed 99456K, reserved 1179648K
  class space    used 13554K, committed 13952K, reserved 1048576K
}
Event: 24.945 GC heap after
{Heap after GC invocations=57 (full 0):
 garbage-first heap   total 256000K, used 142929K [0x0000000700000000, 0x0000000800000000)
  region size 2048K, 4 young (8192K), 4 survivors (8192K)
 Metaspace       used 98554K, committed 99456K, reserved 1179648K
  class space    used 13554K, committed 13952K, reserved 1048576K
}
Event: 25.082 GC heap before
{Heap before GC invocations=57 (full 0):
 garbage-first heap   total 256000K, used 147025K [0x0000000700000000, 0x0000000800000000)
  region size 2048K, 6 young (12288K), 4 survivors (8192K)
 Metaspace       used 99009K, committed 99904K, reserved 1179648K
  class space    used 13643K, committed 14080K, reserved 1048576K
}
Event: 25.092 GC heap after
{Heap after GC invocations=58 (full 0):
 garbage-first heap   total 256000K, used 143025K [0x0000000700000000, 0x0000000800000000)
  region size 2048K, 1 young (2048K), 1 survivors (2048K)
 Metaspace       used 99009K, committed 99904K, reserved 1179648K
  class space    used 13643K, committed 14080K, reserved 1048576K
}
Event: 26.136 GC heap before
{Heap before GC invocations=58 (full 0):
 garbage-first heap   total 256000K, used 188081K [0x0000000700000000, 0x0000000800000000)
  region size 2048K, 23 young (47104K), 1 survivors (2048K)
 Metaspace       used 103007K, committed 103936K, reserved 1179648K
  class space    used 14145K, committed 14528K, reserved 1048576K
}
Event: 26.144 GC heap after
{Heap after GC invocations=59 (full 0):
 garbage-first heap   total 256000K, used 149504K [0x0000000700000000, 0x0000000800000000)
  region size 2048K, 3 young (6144K), 3 survivors (6144K)
 Metaspace       used 103007K, committed 103936K, reserved 1179648K
  class space    used 14145K, committed 14528K, reserved 1048576K
}
Event: 26.865 GC heap before
{Heap before GC invocations=60 (full 0):
 garbage-first heap   total 266240K, used 194560K [0x0000000700000000, 0x0000000800000000)
  region size 2048K, 25 young (51200K), 3 survivors (6144K)
 Metaspace       used 104023K, committed 104960K, reserved 1179648K
  class space    used 14275K, committed 14656K, reserved 1048576K
}
Event: 26.881 GC heap after
{Heap after GC invocations=61 (full 0):
 garbage-first heap   total 266240K, used 157297K [0x0000000700000000, 0x0000000800000000)
  region size 2048K, 4 young (8192K), 4 survivors (8192K)
 Metaspace       used 104023K, committed 104960K, reserved 1179648K
  class space    used 14275K, committed 14656K, reserved 1048576K
}
Event: 26.924 GC heap before
{Heap before GC invocations=61 (full 0):
 garbage-first heap   total 266240K, used 161393K [0x0000000700000000, 0x0000000800000000)
  region size 2048K, 6 young (12288K), 4 survivors (8192K)
 Metaspace       used 104151K, committed 105088K, reserved 1179648K
  class space    used 14291K, committed 14656K, reserved 1048576K
}
Event: 26.933 GC heap after
{Heap after GC invocations=62 (full 0):
 garbage-first heap   total 266240K, used 157795K [0x0000000700000000, 0x0000000800000000)
  region size 2048K, 1 young (2048K), 1 survivors (2048K)
 Metaspace       used 104151K, committed 105088K, reserved 1179648K
  class space    used 14291K, committed 14656K, reserved 1048576K
}
Event: 31.508 GC heap before
{Heap before GC invocations=62 (full 0):
 garbage-first heap   total 266240K, used 202851K [0x0000000700000000, 0x0000000800000000)
  region size 2048K, 24 young (49152K), 1 survivors (2048K)
 Metaspace       used 107041K, committed 108032K, reserved 1179648K
  class space    used 14609K, committed 15040K, reserved 1048576K
}
Event: 31.518 GC heap after
{Heap after GC invocations=63 (full 0):
 garbage-first heap   total 473088K, used 162558K [0x0000000700000000, 0x0000000800000000)
  region size 2048K, 3 young (6144K), 3 survivors (6144K)
 Metaspace       used 107041K, committed 108032K, reserved 1179648K
  class space    used 14609K, committed 15040K, reserved 1048576K
}
Event: 83.261 GC heap before
{Heap before GC invocations=64 (full 0):
 garbage-first heap   total 473088K, used 348926K [0x0000000700000000, 0x0000000800000000)
  region size 2048K, 95 young (194560K), 3 survivors (6144K)
 Metaspace       used 111068K, committed 112064K, reserved 1179648K
  class space    used 15143K, committed 15552K, reserved 1048576K
}
Event: 83.447 GC heap after
{Heap after GC invocations=65 (full 0):
 garbage-first heap   total 473088K, used 173575K [0x0000000700000000, 0x0000000800000000)
  region size 2048K, 9 young (18432K), 9 survivors (18432K)
 Metaspace       used 111068K, committed 112064K, reserved 1179648K
  class space    used 15143K, committed 15552K, reserved 1048576K
}
Event: 83.525 GC heap before
{Heap before GC invocations=65 (full 0):
 garbage-first heap   total 473088K, used 175623K [0x0000000700000000, 0x0000000800000000)
  region size 2048K, 11 young (22528K), 9 survivors (18432K)
 Metaspace       used 111096K, committed 112128K, reserved 1179648K
  class space    used 15143K, committed 15552K, reserved 1048576K
}
Event: 83.635 GC heap after
{Heap after GC invocations=66 (full 0):
 garbage-first heap   total 473088K, used 174774K [0x0000000700000000, 0x0000000800000000)
  region size 2048K, 2 young (4096K), 2 survivors (4096K)
 Metaspace       used 111096K, committed 112128K, reserved 1179648K
  class space    used 15143K, committed 15552K, reserved 1048576K
}
Event: 90.588 GC heap before
{Heap before GC invocations=66 (full 0):
 garbage-first heap   total 473088K, used 371382K [0x0000000700000000, 0x0000000800000000)
  region size 2048K, 95 young (194560K), 2 survivors (4096K)
 Metaspace       used 119546K, committed 120640K, reserved 1179648K
  class space    used 15898K, committed 16384K, reserved 1048576K
}
Event: 90.614 GC heap after
{Heap after GC invocations=67 (full 0):
 garbage-first heap   total 473088K, used 187491K [0x0000000700000000, 0x0000000800000000)
  region size 2048K, 8 young (16384K), 8 survivors (16384K)
 Metaspace       used 119546K, committed 120640K, reserved 1179648K
  class space    used 15898K, committed 16384K, reserved 1048576K
}
Event: 93.322 GC heap before
{Heap before GC invocations=67 (full 0):
 garbage-first heap   total 473088K, used 283747K [0x0000000700000000, 0x0000000800000000)
  region size 2048K, 57 young (116736K), 8 survivors (16384K)
 Metaspace       used 124909K, committed 126144K, reserved 1179648K
  class space    used 16609K, committed 17152K, reserved 1048576K
}
Event: 93.368 GC heap after
{Heap after GC invocations=68 (full 0):
 garbage-first heap   total 473088K, used 196437K [0x0000000700000000, 0x0000000800000000)
  region size 2048K, 5 young (10240K), 5 survivors (10240K)
 Metaspace       used 124909K, committed 126144K, reserved 1179648K
  class space    used 16609K, committed 17152K, reserved 1048576K
}

