# JRE version: OpenJDK Runtime Environment (17.0.11) (build 17.0.11+0--11852314)
# Java VM: OpenJDK 64-Bit Server VM (17.0.11+0--11852314, mixed mode, tiered, compressed oops, compressed class ptrs, g1 gc, windows-amd64)
GC Precious Log:
 CPUs: 8 total, 8 available
 Memory: 3889M
 Large Page Support: Disabled
 NUMA Support: Disabled
 Compressed Oops: Enabled (Zero based)
 Heap Region Size: 2M
 Heap Min Capacity: 8M
 Heap Initial Capacity: 62M
 Heap Max Capacity: 4G
 Pre-touch: Disabled
 Parallel Workers: 8
 Concurrent Workers: 2
 Concurrent Refinement Workers: 8
 Periodic GC: Disabled
Heap:
 garbage-first heap   total 710656K, used 212750K [0x0000000700000000, 0x0000000800000000)
  region size 2048K, 12 young (24576K), 12 survivors (24576K)
 Metaspace       used 153942K, committed 154752K, reserved 1245184K
  class space    used 19191K, committed 19584K, reserved 1048576K
GC Heap History (20 events):
Event: 124.540 GC heap after
{Heap after GC invocations=138 (full 0):
 garbage-first heap   total 710656K, used 199478K [0x0000000700000000, 0x0000000800000000)
  region size 2048K, 12 young (24576K), 12 survivors (24576K)
 Metaspace       used 151680K, committed 152448K, reserved 1245184K
  class space    used 19004K, committed 19392K, reserved 1048576K
}
Event: 125.538 GC heap before
{Heap before GC invocations=138 (full 0):
 garbage-first heap   total 710656K, used 600886K [0x0000000700000000, 0x0000000800000000)
  region size 2048K, 208 young (425984K), 12 survivors (24576K)
 Metaspace       used 151680K, committed 152448K, reserved 1245184K
  class space    used 19004K, committed 19392K, reserved 1048576K
}
Event: 125.556 GC heap after
{Heap after GC invocations=139 (full 0):
 garbage-first heap   total 710656K, used 202091K [0x0000000700000000, 0x0000000800000000)
  region size 2048K, 14 young (28672K), 14 survivors (28672K)
 Metaspace       used 151680K, committed 152448K, reserved 1245184K
  class space    used 19004K, committed 19392K, reserved 1048576K
}
Event: 126.567 GC heap before
{Heap before GC invocations=139 (full 0):
 garbage-first heap   total 710656K, used 599403K [0x0000000700000000, 0x0000000800000000)
  region size 2048K, 208 young (425984K), 14 survivors (28672K)
 Metaspace       used 151681K, committed 152448K, reserved 1245184K
  class space    used 19004K, committed 19392K, reserved 1048576K
}
Event: 126.624 GC heap after
{Heap after GC invocations=140 (full 0):
 garbage-first heap   total 710656K, used 203279K [0x0000000700000000, 0x0000000800000000)
  region size 2048K, 14 young (28672K), 14 survivors (28672K)
 Metaspace       used 151681K, committed 152448K, reserved 1245184K
  class space    used 19004K, committed 19392K, reserved 1048576K
}
Event: 128.163 GC heap before
{Heap before GC invocations=140 (full 0):
 garbage-first heap   total 710656K, used 604687K [0x0000000700000000, 0x0000000800000000)
  region size 2048K, 208 young (425984K), 14 survivors (28672K)
 Metaspace       used 151683K, committed 152448K, reserved 1245184K
  class space    used 19004K, committed 19392K, reserved 1048576K
}
Event: 128.185 GC heap after
{Heap after GC invocations=141 (full 0):
 garbage-first heap   total 710656K, used 192462K [0x0000000700000000, 0x0000000800000000)
  region size 2048K, 11 young (22528K), 11 survivors (22528K)
 Metaspace       used 151683K, committed 152448K, reserved 1245184K
  class space    used 19004K, committed 19392K, reserved 1048576K
}
Event: 129.236 GC heap before
{Heap before GC invocations=141 (full 0):
 garbage-first heap   total 710656K, used 595918K [0x0000000700000000, 0x0000000800000000)
  region size 2048K, 208 young (425984K), 11 survivors (22528K)
 Metaspace       used 151684K, committed 152448K, reserved 1245184K
  class space    used 19004K, committed 19392K, reserved 1048576K
}
Event: 129.252 GC heap after
{Heap after GC invocations=142 (full 0):
 garbage-first heap   total 710656K, used 194825K [0x0000000700000000, 0x0000000800000000)
  region size 2048K, 12 young (24576K), 12 survivors (24576K)
 Metaspace       used 151684K, committed 152448K, reserved 1245184K
  class space    used 19004K, committed 19392K, reserved 1048576K
}
Event: 173.813 GC heap before
{Heap before GC invocations=142 (full 0):
 garbage-first heap   total 710656K, used 598281K [0x0000000700000000, 0x0000000800000000)
  region size 2048K, 208 young (425984K), 12 survivors (24576K)
 Metaspace       used 153891K, committed 154624K, reserved 1245184K
  class space    used 19188K, committed 19520K, reserved 1048576K
}
Event: 173.929 GC heap after
{Heap after GC invocations=143 (full 0):
 garbage-first heap   total 710656K, used 202809K [0x0000000700000000, 0x0000000800000000)
  region size 2048K, 15 young (30720K), 15 survivors (30720K)
 Metaspace       used 153891K, committed 154624K, reserved 1245184K
  class space    used 19188K, committed 19520K, reserved 1048576K
}
Event: 174.465 GC heap before
{Heap before GC invocations=143 (full 0):
 garbage-first heap   total 710656K, used 596025K [0x0000000700000000, 0x0000000800000000)
  region size 2048K, 208 young (425984K), 15 survivors (30720K)
 Metaspace       used 153906K, committed 154624K, reserved 1245184K
  class space    used 19188K, committed 19520K, reserved 1048576K
}
Event: 174.492 GC heap after
{Heap after GC invocations=144 (full 0):
 garbage-first heap   total 710656K, used 206384K [0x0000000700000000, 0x0000000800000000)
  region size 2048K, 16 young (32768K), 16 survivors (32768K)
 Metaspace       used 153906K, committed 154624K, reserved 1245184K
  class space    used 19188K, committed 19520K, reserved 1048576K
}
Event: 174.991 GC heap before
{Heap before GC invocations=144 (full 0):
 garbage-first heap   total 710656K, used 597552K [0x0000000700000000, 0x0000000800000000)
  region size 2048K, 208 young (425984K), 16 survivors (32768K)
 Metaspace       used 153913K, committed 154688K, reserved 1245184K
  class space    used 19188K, committed 19520K, reserved 1048576K
}
Event: 175.017 GC heap after
{Heap after GC invocations=145 (full 0):
 garbage-first heap   total 710656K, used 208599K [0x0000000700000000, 0x0000000800000000)
  region size 2048K, 16 young (32768K), 16 survivors (32768K)
 Metaspace       used 153913K, committed 154688K, reserved 1245184K
  class space    used 19188K, committed 19520K, reserved 1048576K
}
Event: 175.345 GC heap before
{Heap before GC invocations=145 (full 0):
 garbage-first heap   total 710656K, used 599767K [0x0000000700000000, 0x0000000800000000)
  region size 2048K, 208 young (425984K), 16 survivors (32768K)
 Metaspace       used 153926K, committed 154752K, reserved 1245184K
  class space    used 19191K, committed 19584K, reserved 1048576K
}
Event: 175.409 GC heap after
{Heap after GC invocations=146 (full 0):
 garbage-first heap   total 710656K, used 211618K [0x0000000700000000, 0x0000000800000000)
  region size 2048K, 16 young (32768K), 16 survivors (32768K)
 Metaspace       used 153926K, committed 154752K, reserved 1245184K
  class space    used 19191K, committed 19584K, reserved 1048576K
}
Event: 175.754 GC heap before
{Heap before GC invocations=146 (full 0):
 garbage-first heap   total 710656K, used 602786K [0x0000000700000000, 0x0000000800000000)
  region size 2048K, 208 young (425984K), 16 survivors (32768K)
 Metaspace       used 153927K, committed 154752K, reserved 1245184K
  class space    used 19191K, committed 19584K, reserved 1048576K
}
Event: 175.779 GC heap after
{Heap after GC invocations=147 (full 0):
 garbage-first heap   total 710656K, used 211926K [0x0000000700000000, 0x0000000800000000)
  region size 2048K, 15 young (30720K), 15 survivors (30720K)
 Metaspace       used 153927K, committed 154752K, reserved 1245184K
  class space    used 19191K, committed 19584K, reserved 1048576K
}
Event: 176.174 GC heap before
{Heap before GC invocations=147 (full 0):
 garbage-first heap   total 710656K, used 607190K [0x0000000700000000, 0x0000000800000000)
  region size 2048K, 208 young (425984K), 15 survivors (30720K)
 Metaspace       used 153942K, committed 154752K, reserved 1245184K
  class space    used 19191K, committed 19584K, reserved 1048576K
}

