# JRE version: OpenJDK Runtime Environment (17.0.11) (build 17.0.11+0--11852314)
# Java VM: OpenJDK 64-Bit Server VM (17.0.11+0--11852314, mixed mode, tiered, compressed oops, compressed class ptrs, g1 gc, windows-amd64)
GC Precious Log:
 CPUs: 8 total, 8 available
 Memory: 3889M
 Large Page Support: Disabled
 NUMA Support: Disabled
 Compressed Oops: Enabled (32-bit)
 Heap Region Size: 1M
 Heap Min Capacity: 8M
 Heap Initial Capacity: 62M
 Heap Max Capacity: 974M
 Pre-touch: Disabled
 Parallel Workers: 8
 Concurrent Workers: 2
 Concurrent Refinement Workers: 8
 Periodic GC: Disabled
Heap:
 garbage-first heap   total 73728K, used 39235K [0x00000000c3200000, 0x0000000100000000)
  region size 1024K, 6 young (6144K), 2 survivors (2048K)
 Metaspace       used 51804K, committed 52096K, reserved 1114112K
  class space    used 6092K, committed 6208K, reserved 1048576K
GC Heap History (20 events):
Event: 4.500 GC heap before
{Heap before GC invocations=10 (full 0):
 garbage-first heap   total 55296K, used 37505K [0x00000000c3200000, 0x0000000100000000)
  region size 1024K, 24 young (24576K), 1 survivors (1024K)
 Metaspace       used 33110K, committed 33344K, reserved 1114112K
  class space    used 4069K, committed 4160K, reserved 1048576K
}
Event: 4.510 GC heap after
{Heap after GC invocations=11 (full 0):
 garbage-first heap   total 55296K, used 17517K [0x00000000c3200000, 0x0000000100000000)
  region size 1024K, 3 young (3072K), 3 survivors (3072K)
 Metaspace       used 33110K, committed 33344K, reserved 1114112K
  class space    used 4069K, committed 4160K, reserved 1048576K
}
Event: 5.764 GC heap before
{Heap before GC invocations=11 (full 0):
 garbage-first heap   total 55296K, used 35949K [0x00000000c3200000, 0x0000000100000000)
  region size 1024K, 21 young (21504K), 3 survivors (3072K)
 Metaspace       used 37489K, committed 37696K, reserved 1114112K
  class space    used 4518K, committed 4608K, reserved 1048576K
}
Event: 5.776 GC heap after
{Heap after GC invocations=12 (full 0):
 garbage-first heap   total 55296K, used 19300K [0x00000000c3200000, 0x0000000100000000)
  region size 1024K, 2 young (2048K), 2 survivors (2048K)
 Metaspace       used 37489K, committed 37696K, reserved 1114112K
  class space    used 4518K, committed 4608K, reserved 1048576K
}
Event: 6.791 GC heap before
{Heap before GC invocations=12 (full 0):
 garbage-first heap   total 55296K, used 40804K [0x00000000c3200000, 0x0000000100000000)
  region size 1024K, 20 young (20480K), 2 survivors (2048K)
 Metaspace       used 41136K, committed 41344K, reserved 1114112K
  class space    used 4946K, committed 5056K, reserved 1048576K
}
Event: 6.802 GC heap after
{Heap after GC invocations=13 (full 0):
 garbage-first heap   total 55296K, used 23390K [0x00000000c3200000, 0x0000000100000000)
  region size 1024K, 3 young (3072K), 3 survivors (3072K)
 Metaspace       used 41136K, committed 41344K, reserved 1114112K
  class space    used 4946K, committed 5056K, reserved 1048576K
}
Event: 6.938 GC heap before
{Heap before GC invocations=13 (full 0):
 garbage-first heap   total 55296K, used 38750K [0x00000000c3200000, 0x0000000100000000)
  region size 1024K, 19 young (19456K), 3 survivors (3072K)
 Metaspace       used 41241K, committed 41472K, reserved 1114112K
  class space    used 4946K, committed 5056K, reserved 1048576K
}
Event: 6.947 GC heap after
{Heap after GC invocations=14 (full 0):
 garbage-first heap   total 55296K, used 24420K [0x00000000c3200000, 0x0000000100000000)
  region size 1024K, 1 young (1024K), 1 survivors (1024K)
 Metaspace       used 41241K, committed 41472K, reserved 1114112K
  class space    used 4946K, committed 5056K, reserved 1048576K
}
Event: 7.834 GC heap before
{Heap before GC invocations=14 (full 0):
 garbage-first heap   total 55296K, used 39780K [0x00000000c3200000, 0x0000000100000000)
  region size 1024K, 17 young (17408K), 1 survivors (1024K)
 Metaspace       used 44080K, committed 44288K, reserved 1114112K
  class space    used 5286K, committed 5376K, reserved 1048576K
}
Event: 7.841 GC heap after
{Heap after GC invocations=15 (full 0):
 garbage-first heap   total 66560K, used 25395K [0x00000000c3200000, 0x0000000100000000)
  region size 1024K, 2 young (2048K), 2 survivors (2048K)
 Metaspace       used 44080K, committed 44288K, reserved 1114112K
  class space    used 5286K, committed 5376K, reserved 1048576K
}
Event: 9.633 GC heap before
{Heap before GC invocations=15 (full 0):
 garbage-first heap   total 66560K, used 47923K [0x00000000c3200000, 0x0000000100000000)
  region size 1024K, 24 young (24576K), 2 survivors (2048K)
 Metaspace       used 46726K, committed 46912K, reserved 1114112K
  class space    used 5544K, committed 5632K, reserved 1048576K
}
Event: 9.648 GC heap after
{Heap after GC invocations=16 (full 0):
 garbage-first heap   total 66560K, used 27809K [0x00000000c3200000, 0x0000000100000000)
  region size 1024K, 3 young (3072K), 3 survivors (3072K)
 Metaspace       used 46726K, committed 46912K, reserved 1114112K
  class space    used 5544K, committed 5632K, reserved 1048576K
}
Event: 10.087 GC heap before
{Heap before GC invocations=16 (full 0):
 garbage-first heap   total 66560K, used 34977K [0x00000000c3200000, 0x0000000100000000)
  region size 1024K, 11 young (11264K), 3 survivors (3072K)
 Metaspace       used 47485K, committed 47680K, reserved 1114112K
  class space    used 5616K, committed 5696K, reserved 1048576K
}
Event: 10.102 GC heap after
{Heap after GC invocations=17 (full 0):
 garbage-first heap   total 66560K, used 29681K [0x00000000c3200000, 0x0000000100000000)
  region size 1024K, 2 young (2048K), 2 survivors (2048K)
 Metaspace       used 47485K, committed 47680K, reserved 1114112K
  class space    used 5616K, committed 5696K, reserved 1048576K
}
Event: 11.562 GC heap before
{Heap before GC invocations=18 (full 0):
 garbage-first heap   total 66560K, used 48113K [0x00000000c3200000, 0x0000000100000000)
  region size 1024K, 20 young (20480K), 2 survivors (2048K)
 Metaspace       used 50476K, committed 50688K, reserved 1114112K
  class space    used 5984K, committed 6080K, reserved 1048576K
}
Event: 11.578 GC heap after
{Heap after GC invocations=19 (full 0):
 garbage-first heap   total 66560K, used 32051K [0x00000000c3200000, 0x0000000100000000)
  region size 1024K, 3 young (3072K), 3 survivors (3072K)
 Metaspace       used 50476K, committed 50688K, reserved 1114112K
  class space    used 5984K, committed 6080K, reserved 1048576K
}
Event: 12.209 GC heap before
{Heap before GC invocations=19 (full 0):
 garbage-first heap   total 66560K, used 41267K [0x00000000c3200000, 0x0000000100000000)
  region size 1024K, 14 young (14336K), 3 survivors (3072K)
 Metaspace       used 51045K, committed 51264K, reserved 1114112K
  class space    used 6038K, committed 6144K, reserved 1048576K
}
Event: 12.225 GC heap after
{Heap after GC invocations=20 (full 0):
 garbage-first heap   total 66560K, used 34361K [0x00000000c3200000, 0x0000000100000000)
  region size 1024K, 3 young (3072K), 3 survivors (3072K)
 Metaspace       used 51045K, committed 51264K, reserved 1114112K
  class space    used 6038K, committed 6144K, reserved 1048576K
}
Event: 13.053 GC heap before
{Heap before GC invocations=21 (full 0):
 garbage-first heap   total 73728K, used 49721K [0x00000000c3200000, 0x0000000100000000)
  region size 1024K, 17 young (17408K), 3 survivors (3072K)
 Metaspace       used 51716K, committed 51968K, reserved 1114112K
  class space    used 6088K, committed 6208K, reserved 1048576K
}
Event: 13.067 GC heap after
{Heap after GC invocations=22 (full 0):
 garbage-first heap   total 73728K, used 36163K [0x00000000c3200000, 0x0000000100000000)
  region size 1024K, 2 young (2048K), 2 survivors (2048K)
 Metaspace       used 51716K, committed 51968K, reserved 1114112K
  class space    used 6088K, committed 6208K, reserved 1048576K
}

